<?xml version="1.0" encoding="UTF-8"?>
<testng-results ignored="0" total="5" passed="4" failed="1" skipped="0">
  <reporter-output>
  </reporter-output>
  <suite started-at="2024-10-17T09:40:06 CDT" name="Suite" finished-at="2024-10-17T09:40:52 CDT" duration-ms="46367">
    <groups>
    </groups>
    <test started-at="2024-10-17T09:40:06 CDT" name="Error Validations Test Result" finished-at="2024-10-17T09:40:37 CDT" duration-ms="31131">
      <class name="rahulshettyacademy.Tests.ErrorValidationsTest">
        <test-method is-config="true" signature="launchApplication()[pri:0, instance:rahulshettyacademy.Tests.ErrorValidationsTest@495b0487]" started-at="2024-10-17T09:40:06 CDT" name="launchApplication" finished-at="2024-10-17T09:40:13 CDT" duration-ms="7366" status="PASS">
          <reporter-output>
          </reporter-output>
        </test-method> <!-- launchApplication -->
        <test-method signature="loginErrorValidation()[pri:0, instance:rahulshettyacademy.Tests.ErrorValidationsTest@495b0487]" started-at="2024-10-17T09:40:13 CDT" name="loginErrorValidation" finished-at="2024-10-17T09:40:15 CDT" duration-ms="1236" status="PASS">
          <reporter-output>
          </reporter-output>
        </test-method> <!-- loginErrorValidation -->
        <test-method is-config="true" signature="closeDriver()[pri:0, instance:rahulshettyacademy.Tests.ErrorValidationsTest@495b0487]" started-at="2024-10-17T09:40:15 CDT" name="closeDriver" finished-at="2024-10-17T09:40:15 CDT" duration-ms="157" status="PASS">
          <reporter-output>
          </reporter-output>
        </test-method> <!-- closeDriver -->
        <test-method is-config="true" signature="launchApplication()[pri:0, instance:rahulshettyacademy.Tests.ErrorValidationsTest@495b0487]" started-at="2024-10-17T09:40:15 CDT" name="launchApplication" finished-at="2024-10-17T09:40:20 CDT" duration-ms="5267" status="PASS">
          <reporter-output>
          </reporter-output>
        </test-method> <!-- launchApplication -->
        <test-method signature="productErrorValidation()[pri:0, instance:rahulshettyacademy.Tests.ErrorValidationsTest@495b0487]" started-at="2024-10-17T09:40:20 CDT" name="productErrorValidation" finished-at="2024-10-17T09:40:37 CDT" duration-ms="16557" status="FAIL">
          <exception class="java.lang.AssertionError">
            <message>
              <![CDATA[expected [true] but found [false]]]>
            </message>
            <full-stacktrace>
              <![CDATA[java.lang.AssertionError: expected [true] but found [false]
at org.testng.Assert.fail(Assert.java:111)
at org.testng.Assert.failNotEquals(Assert.java:1578)
at org.testng.Assert.assertTrue(Assert.java:57)
at org.testng.Assert.assertTrue(Assert.java:67)
at rahulshettyacademy.Tests.ErrorValidationsTest.productErrorValidation(ErrorValidationsTest.java:45)
at java.base/jdk.internal.reflect.DirectMethodHandleAccessor.invoke(DirectMethodHandleAccessor.java:103)
at java.base/java.lang.reflect.Method.invoke(Method.java:580)
at org.testng.internal.invokers.MethodInvocationHelper.invokeMethod(MethodInvocationHelper.java:141)
at org.testng.internal.invokers.TestInvoker.invokeMethod(TestInvoker.java:686)
at org.testng.internal.invokers.TestInvoker.invokeTestMethod(TestInvoker.java:230)
at org.testng.internal.invokers.MethodRunner.runInSequence(MethodRunner.java:63)
at org.testng.internal.invokers.TestInvoker$MethodInvocationAgent.invoke(TestInvoker.java:992)
at org.testng.internal.invokers.TestInvoker.invokeTestMethods(TestInvoker.java:203)
at org.testng.internal.invokers.TestMethodWorker.invokeTestMethods(TestMethodWorker.java:154)
at org.testng.internal.invokers.TestMethodWorker.run(TestMethodWorker.java:134)
at java.base/java.util.ArrayList.forEach(ArrayList.java:1596)
at org.testng.TestRunner.privateRun(TestRunner.java:739)
at org.testng.TestRunner.run(TestRunner.java:614)
at org.testng.SuiteRunner.runTest(SuiteRunner.java:421)
at org.testng.SuiteRunner$SuiteWorker.run(SuiteRunner.java:463)
at org.testng.internal.thread.ThreadUtil.lambda$execute$0(ThreadUtil.java:64)
at java.base/java.util.concurrent.FutureTask.run(FutureTask.java:317)
at java.base/java.util.concurrent.ThreadPoolExecutor.runWorker(ThreadPoolExecutor.java:1144)
at java.base/java.util.concurrent.ThreadPoolExecutor$Worker.run(ThreadPoolExecutor.java:642)
at java.base/java.lang.Thread.run(Thread.java:1583)
]]>
            </full-stacktrace>
          </exception> <!-- java.lang.AssertionError -->
          <reporter-output>
          </reporter-output>
        </test-method> <!-- productErrorValidation -->
        <test-method is-config="true" signature="closeDriver()[pri:0, instance:rahulshettyacademy.Tests.ErrorValidationsTest@495b0487]" started-at="2024-10-17T09:40:37 CDT" name="closeDriver" finished-at="2024-10-17T09:40:37 CDT" duration-ms="120" status="PASS">
          <reporter-output>
          </reporter-output>
        </test-method> <!-- closeDriver -->
      </class> <!-- rahulshettyacademy.Tests.ErrorValidationsTest -->
    </test> <!-- Error Validations Test Result -->
    <test started-at="2024-10-17T09:40:06 CDT" name="Submit Order Test Result" finished-at="2024-10-17T09:40:52 CDT" duration-ms="46367">
      <class name="rahulshettyacademy.Tests.SubmitOrderTest">
        <test-method is-config="true" signature="launchApplication()[pri:0, instance:rahulshettyacademy.Tests.SubmitOrderTest@561868a0]" started-at="2024-10-17T09:40:06 CDT" name="launchApplication" finished-at="2024-10-17T09:40:10 CDT" duration-ms="3328" status="PASS">
          <reporter-output>
          </reporter-output>
        </test-method> <!-- launchApplication -->
        <test-method signature="submitOrderTest(java.util.HashMap)[pri:0, instance:rahulshettyacademy.Tests.SubmitOrderTest@561868a0]" started-at="2024-10-17T09:40:10 CDT" name="submitOrderTest" data-provider="getData" finished-at="2024-10-17T09:40:27 CDT" duration-ms="16942" status="PASS">
          <params>
            <param index="0">
              <value>
                <![CDATA[{passWord=Google#200, email=flowername@gmail.com}]]>
              </value>
            </param>
          </params>
          <reporter-output>
          </reporter-output>
        </test-method> <!-- submitOrderTest -->
        <test-method is-config="true" signature="closeDriver()[pri:0, instance:rahulshettyacademy.Tests.SubmitOrderTest@561868a0]" started-at="2024-10-17T09:40:27 CDT" name="closeDriver" finished-at="2024-10-17T09:40:27 CDT" duration-ms="85" status="PASS">
          <reporter-output>
          </reporter-output>
        </test-method> <!-- closeDriver -->
        <test-method is-config="true" signature="launchApplication()[pri:0, instance:rahulshettyacademy.Tests.SubmitOrderTest@561868a0]" started-at="2024-10-17T09:40:27 CDT" name="launchApplication" finished-at="2024-10-17T09:40:32 CDT" duration-ms="5359" status="PASS">
          <reporter-output>
          </reporter-output>
        </test-method> <!-- launchApplication -->
        <test-method signature="submitOrderTest(java.util.HashMap)[pri:0, instance:rahulshettyacademy.Tests.SubmitOrderTest@561868a0]" started-at="2024-10-17T09:40:32 CDT" name="submitOrderTest" data-provider="getData" finished-at="2024-10-17T09:40:45 CDT" duration-ms="12698" status="PASS">
          <params>
            <param index="0">
              <value>
                <![CDATA[{passWord=King@000, email=jasmine@gmail.com}]]>
              </value>
            </param>
          </params>
          <reporter-output>
          </reporter-output>
        </test-method> <!-- submitOrderTest -->
        <test-method is-config="true" signature="closeDriver()[pri:0, instance:rahulshettyacademy.Tests.SubmitOrderTest@561868a0]" started-at="2024-10-17T09:40:45 CDT" name="closeDriver" finished-at="2024-10-17T09:40:45 CDT" duration-ms="386" status="PASS">
          <reporter-output>
          </reporter-output>
        </test-method> <!-- closeDriver -->
        <test-method is-config="true" signature="launchApplication()[pri:0, instance:rahulshettyacademy.Tests.SubmitOrderTest@561868a0]" started-at="2024-10-17T09:40:45 CDT" name="launchApplication" finished-at="2024-10-17T09:40:51 CDT" duration-ms="5682" status="PASS">
          <reporter-output>
          </reporter-output>
        </test-method> <!-- launchApplication -->
        <test-method signature="orderHistoryTest()[pri:0, instance:rahulshettyacademy.Tests.SubmitOrderTest@561868a0]" started-at="2024-10-17T09:40:51 CDT" name="orderHistoryTest" finished-at="2024-10-17T09:40:52 CDT" depends-on-methods="rahulshettyacademy.Tests.SubmitOrderTest.submitOrderTest" duration-ms="1351" status="PASS">
          <reporter-output>
          </reporter-output>
        </test-method> <!-- orderHistoryTest -->
        <test-method is-config="true" signature="closeDriver()[pri:0, instance:rahulshettyacademy.Tests.SubmitOrderTest@561868a0]" started-at="2024-10-17T09:40:52 CDT" name="closeDriver" finished-at="2024-10-17T09:40:52 CDT" duration-ms="94" status="PASS">
          <reporter-output>
          </reporter-output>
        </test-method> <!-- closeDriver -->
      </class> <!-- rahulshettyacademy.Tests.SubmitOrderTest -->
    </test> <!-- Submit Order Test Result -->
  </suite> <!-- Suite -->
</testng-results>
